;  LST file generated by mikroListExporter - v.2.0 
; Date/Time: 6/27/2017 11:33:51 AM
;----------------------------------------------

;Address Opcode 	ASM
0x0000	0x2A18      	GOTO       536
_UART1_Write:
;__Lib_UART_c67.c,39 :: 		
;__Lib_UART_c67.c,40 :: 		
L_UART1_Write3:
0x0003	0x1683      	BSF        STATUS, 5
0x0004	0x1303      	BCF        STATUS, 6
0x0005	0x1898      	BTFSC      TXSTA, 1
0x0006	0x2809      	GOTO       L_UART1_Write4
;__Lib_UART_c67.c,41 :: 		
0x0007	0x0000      	NOP
0x0008	0x2803      	GOTO       L_UART1_Write3
L_UART1_Write4:
;__Lib_UART_c67.c,42 :: 		
0x0009	0x0857      	MOVF       FARG_UART1_Write_data_, 0
0x000A	0x1283      	BCF        STATUS, 5
0x000B	0x0099      	MOVWF      TXREG
;__Lib_UART_c67.c,43 :: 		
L_end_UART1_Write:
0x000C	0x0008      	RETURN
; end of _UART1_Write
_____DoICP:
;__Lib_System.c,6 :: 		
;__Lib_System.c,9 :: 		
0x000D	0x1683      	BSF        STATUS, 5
0x000E	0x1303      	BCF        STATUS, 6
0x000F	0x084D      	MOVF       ___DoICPAddr+1, 0
0x0010	0x008A      	MOVWF      PCLATH
;__Lib_System.c,10 :: 		
0x0011	0x084C      	MOVF       ___DoICPAddr, 0
0x0012	0x0082      	MOVWF      PCL
;__Lib_System.c,12 :: 		
L_end_____DoICP:
0x0013	0x0008      	RETURN
; end of _____DoICP
_Delay_22us:
;__Lib_Delays.c,15 :: 		void Delay_22us() {
;__Lib_Delays.c,16 :: 		Delay_us(22);
0x0014	0x3015      	MOVLW      21
0x0015	0x1283      	BCF        STATUS, 5
0x0016	0x1303      	BCF        STATUS, 6
0x0017	0x00FD      	MOVWF      R13
L_Delay_22us1:
0x0018	0x0BFD      	DECFSZ     R13, 1
0x0019	0x2818      	GOTO       L_Delay_22us1
0x001A	0x0000      	NOP
0x001B	0x0000      	NOP
;__Lib_Delays.c,17 :: 		}
L_end_Delay_22us:
0x001C	0x0008      	RETURN
; end of _Delay_22us
_UART1_Write_Text:
;__Lib_UART_c67.c,47 :: 		
;__Lib_UART_c67.c,48 :: 		
0x001D	0x1683      	BSF        STATUS, 5
0x001E	0x1303      	BCF        STATUS, 6
0x001F	0x01D6      	CLRF       UART1_Write_Text_counter_L0
;__Lib_UART_c67.c,50 :: 		
0x0020	0x0854      	MOVF       FARG_UART1_Write_Text_uart_text, 0
0x0021	0x0084      	MOVWF      FSR
0x0022	0x0800      	MOVF       INDF, 0
0x0023	0x00D5      	MOVWF      UART1_Write_Text_data__L0
;__Lib_UART_c67.c,51 :: 		
L_UART1_Write_Text5:
0x0024	0x0855      	MOVF       UART1_Write_Text_data__L0, 0
0x0025	0x3A00      	XORLW      0
0x0026	0x1903      	BTFSC      STATUS, 2
0x0027	0x2833      	GOTO       L_UART1_Write_Text6
;__Lib_UART_c67.c,52 :: 		
0x0028	0x0855      	MOVF       UART1_Write_Text_data__L0, 0
0x0029	0x00D7      	MOVWF      FARG_UART1_Write_data_
0x002A	0x2003      	CALL       _UART1_Write
;__Lib_UART_c67.c,53 :: 		
0x002B	0x1683      	BSF        STATUS, 5
0x002C	0x0AD6      	INCF       UART1_Write_Text_counter_L0, 1
;__Lib_UART_c67.c,54 :: 		
0x002D	0x0856      	MOVF       UART1_Write_Text_counter_L0, 0
0x002E	0x0754      	ADDWF      FARG_UART1_Write_Text_uart_text, 0
0x002F	0x0084      	MOVWF      FSR
0x0030	0x0800      	MOVF       INDF, 0
0x0031	0x00D5      	MOVWF      UART1_Write_Text_data__L0
;__Lib_UART_c67.c,55 :: 		
0x0032	0x2824      	GOTO       L_UART1_Write_Text5
L_UART1_Write_Text6:
;__Lib_UART_c67.c,56 :: 		
L_end_UART1_Write_Text:
0x0033	0x0008      	RETURN
; end of _UART1_Write_Text
_SendSms:
;Gsm_automate.c,34 :: 		void SendSms(const char *sms){
;Gsm_automate.c,35 :: 		UART1_Write_Text("AT+CMGS=\"+2348108893403\"\r\n");
0x0034	0x3025      	MOVLW      ?lstr4_Gsm_automate
0x0035	0x1683      	BSF        STATUS, 5
0x0036	0x1303      	BCF        STATUS, 6
0x0037	0x00D4      	MOVWF      FARG_UART1_Write_Text_uart_text
0x0038	0x201D      	CALL       _UART1_Write_Text
;Gsm_automate.c,36 :: 		delay_ms(500);
0x0039	0x3008      	MOVLW      8
0x003A	0x00FB      	MOVWF      R11
0x003B	0x309D      	MOVLW      157
0x003C	0x00FC      	MOVWF      R12
0x003D	0x3005      	MOVLW      5
0x003E	0x00FD      	MOVWF      R13
L_SendSms4:
0x003F	0x0BFD      	DECFSZ     R13, 1
0x0040	0x283F      	GOTO       L_SendSms4
0x0041	0x0BFC      	DECFSZ     R12, 1
0x0042	0x283F      	GOTO       L_SendSms4
0x0043	0x0BFB      	DECFSZ     R11, 1
0x0044	0x283F      	GOTO       L_SendSms4
0x0045	0x0000      	NOP
0x0046	0x0000      	NOP
;Gsm_automate.c,37 :: 		while(*sms){
L_SendSms5:
0x0047	0x0852      	MOVF       FARG_SendSms_sms, 0
0x0048	0x00CC      	MOVWF      ___DoICPAddr
0x0049	0x0853      	MOVF       FARG_SendSms_sms+1, 0
0x004A	0x00CD      	MOVWF      ___DoICPAddr+1
0x004B	0x200D      	CALL       _____DoICP
0x004C	0x118A      	BCF        PCLATH, 3
0x004D	0x120A      	BCF        PCLATH, 4
0x004E	0x00F0      	MOVWF      R0
0x004F	0x0870      	MOVF       R0, 0
0x0050	0x1903      	BTFSC      STATUS, 2
0x0051	0x2860      	GOTO       L_SendSms6
;Gsm_automate.c,38 :: 		UART1_Write(*sms++);
0x0052	0x0852      	MOVF       FARG_SendSms_sms, 0
0x0053	0x00CC      	MOVWF      ___DoICPAddr
0x0054	0x0853      	MOVF       FARG_SendSms_sms+1, 0
0x0055	0x00CD      	MOVWF      ___DoICPAddr+1
0x0056	0x200D      	CALL       _____DoICP
0x0057	0x118A      	BCF        PCLATH, 3
0x0058	0x120A      	BCF        PCLATH, 4
0x0059	0x00D7      	MOVWF      FARG_UART1_Write_data_
0x005A	0x2003      	CALL       _UART1_Write
0x005B	0x1683      	BSF        STATUS, 5
0x005C	0x0AD2      	INCF       FARG_SendSms_sms, 1
0x005D	0x1903      	BTFSC      STATUS, 2
0x005E	0x0AD3      	INCF       FARG_SendSms_sms+1, 1
;Gsm_automate.c,39 :: 		}
0x005F	0x2847      	GOTO       L_SendSms5
L_SendSms6:
;Gsm_automate.c,40 :: 		UART1_Write(26);
0x0060	0x301A      	MOVLW      26
0x0061	0x00D7      	MOVWF      FARG_UART1_Write_data_
0x0062	0x2003      	CALL       _UART1_Write
;Gsm_automate.c,41 :: 		}
L_end_SendSms:
0x0063	0x0008      	RETURN
; end of _SendSms
_UART1_Data_Ready:
;__Lib_UART_c67.c,16 :: 		
;__Lib_UART_c67.c,17 :: 		
0x0064	0x3000      	MOVLW      0
0x0065	0x1283      	BCF        STATUS, 5
0x0066	0x1303      	BCF        STATUS, 6
0x0067	0x1A8C      	BTFSC      PIR1, 5
0x0068	0x3001      	MOVLW      1
0x0069	0x00F0      	MOVWF      R0
;__Lib_UART_c67.c,18 :: 		
L_end_UART1_Data_Ready:
0x006A	0x0008      	RETURN
; end of _UART1_Data_Ready
_UART1_Init:
;__Lib_UART_c67.c,2 :: 		
;__Lib_UART_c67.c,5 :: 		
0x006B	0x1683      	BSF        STATUS, 5
0x006C	0x1303      	BCF        STATUS, 6
0x006D	0x1698      	BSF        TXSTA, 5
;__Lib_UART_c67.c,6 :: 		
0x006E	0x3090      	MOVLW      144
0x006F	0x1283      	BCF        STATUS, 5
0x0070	0x0098      	MOVWF      RCSTA
;__Lib_UART_c67.c,7 :: 		
0x0071	0x1683      	BSF        STATUS, 5
0x0072	0x1787      	BSF        TRISC7_bit, 7
;__Lib_UART_c67.c,8 :: 		
0x0073	0x1307      	BCF        TRISC6_bit, 6
;__Lib_UART_c67.c,10 :: 		
L_UART1_Init0:
0x0074	0x1283      	BCF        STATUS, 5
0x0075	0x1E8C      	BTFSS      PIR1, 5
0x0076	0x287A      	GOTO       L_UART1_Init1
;__Lib_UART_c67.c,11 :: 		
0x0077	0x081A      	MOVF       RCREG, 0
0x0078	0x00F0      	MOVWF      R0
0x0079	0x2874      	GOTO       L_UART1_Init0
L_UART1_Init1:
;__Lib_UART_c67.c,12 :: 		
L_end_UART1_Init:
0x007A	0x0008      	RETURN
; end of _UART1_Init
_SenseMotion:
;Gsm_automate.c,134 :: 		void SenseMotion(){
;Gsm_automate.c,135 :: 		if(button_plus==1){
0x007B	0x1283      	BCF        STATUS, 5
0x007C	0x1303      	BCF        STATUS, 6
0x007D	0x1E07      	BTFSS      RC4_bit, 4
0x007E	0x2881      	GOTO       L_SenseMotion28
;Gsm_automate.c,136 :: 		in_success=1;
0x007F	0x3001      	MOVLW      1
0x0080	0x00A0      	MOVWF      _in_success
;Gsm_automate.c,137 :: 		}while(button_plus==1);
L_SenseMotion28:
L_SenseMotion29:
0x0081	0x1E07      	BTFSS      RC4_bit, 4
0x0082	0x2884      	GOTO       L_SenseMotion30
0x0083	0x2881      	GOTO       L_SenseMotion29
L_SenseMotion30:
;Gsm_automate.c,138 :: 		if(button_minus==1){
0x0084	0x1D87      	BTFSS      RC3_bit, 3
0x0085	0x2888      	GOTO       L_SenseMotion31
;Gsm_automate.c,139 :: 		out_success=1;
0x0086	0x3001      	MOVLW      1
0x0087	0x00A1      	MOVWF      _out_success
;Gsm_automate.c,140 :: 		}while(button_minus==1);
L_SenseMotion31:
L_SenseMotion32:
0x0088	0x1D87      	BTFSS      RC3_bit, 3
0x0089	0x288B      	GOTO       L_SenseMotion33
0x008A	0x2888      	GOTO       L_SenseMotion32
L_SenseMotion33:
;Gsm_automate.c,141 :: 		}
L_end_SenseMotion:
0x008B	0x0008      	RETURN
; end of _SenseMotion
_UART1_Read:
;__Lib_UART_c67.c,21 :: 		
;__Lib_UART_c67.c,24 :: 		
0x008C	0x1283      	BCF        STATUS, 5
0x008D	0x1303      	BCF        STATUS, 6
0x008E	0x081A      	MOVF       RCREG, 0
0x008F	0x00F1      	MOVWF      R1
;__Lib_UART_c67.c,25 :: 		
0x0090	0x1C98      	BTFSS      RCSTA, 1
0x0091	0x2894      	GOTO       L_UART1_Read2
;__Lib_UART_c67.c,26 :: 		
0x0092	0x1218      	BCF        RCSTA, 4
;__Lib_UART_c67.c,27 :: 		
0x0093	0x1618      	BSF        RCSTA, 4
;__Lib_UART_c67.c,28 :: 		
L_UART1_Read2:
;__Lib_UART_c67.c,29 :: 		
0x0094	0x0871      	MOVF       R1, 0
0x0095	0x00F0      	MOVWF      R0
;__Lib_UART_c67.c,30 :: 		
L_end_UART1_Read:
0x0096	0x0008      	RETURN
; end of _UART1_Read
_ADC_Read:
;__Lib_ADC_A_C.c,45 :: 		
;__Lib_ADC_A_C.c,47 :: 		
0x0097	0x1283      	BCF        STATUS, 5
0x0098	0x1303      	BCF        STATUS, 6
0x0099	0x019F      	CLRF       ADCON0
;__Lib_ADC_A_C.c,48 :: 		
0x009A	0x30C0      	MOVLW      192
0x009B	0x049F      	IORWF      ADCON0, 1
;__Lib_ADC_A_C.c,49 :: 		
0x009C	0x1683      	BSF        STATUS, 5
0x009D	0x171F      	BSF        ADCON1, 6
;__Lib_ADC_A_C.c,50 :: 		
0x009E	0x179F      	BSF        ADCON1, 7
;__Lib_ADC_A_C.c,51 :: 		
0x009F	0x0852      	MOVF       FARG_ADC_Read_channel, 0
0x00A0	0x00F0      	MOVWF      R0
0x00A1	0x0DF0      	RLF        R0, 1
0x00A2	0x1070      	BCF        R0, 0
0x00A3	0x0DF0      	RLF        R0, 1
0x00A4	0x1070      	BCF        R0, 0
0x00A5	0x0DF0      	RLF        R0, 1
0x00A6	0x1070      	BCF        R0, 0
0x00A7	0x0870      	MOVF       R0, 0
0x00A8	0x1283      	BCF        STATUS, 5
0x00A9	0x049F      	IORWF      ADCON0, 1
;__Lib_ADC_A_C.c,54 :: 		
0x00AA	0x141F      	BSF        ADCON0, 0
;__Lib_ADC_A_C.c,57 :: 		
0x00AB	0x2014      	CALL       _Delay_22us
;__Lib_ADC_A_C.c,60 :: 		
0x00AC	0x151F      	BSF        ADCON0, 2
;__Lib_ADC_A_C.c,63 :: 		
L_ADC_Read2:
0x00AD	0x1D1F      	BTFSS      ADCON0, 2
0x00AE	0x28B1      	GOTO       L_ADC_Read3
;__Lib_ADC_A_C.c,64 :: 		
0x00AF	0x0000      	NOP
0x00B0	0x28AD      	GOTO       L_ADC_Read2
L_ADC_Read3:
;__Lib_ADC_A_C.c,67 :: 		
0x00B1	0x101F      	BCF        ADCON0, 0
;__Lib_ADC_A_C.c,70 :: 		
0x00B2	0x081E      	MOVF       ADRESH, 0
0x00B3	0x00F1      	MOVWF      R0+1
0x00B4	0x01F0      	CLRF       R0
0x00B5	0x1683      	BSF        STATUS, 5
0x00B6	0x081E      	MOVF       ADRESL, 0
0x00B7	0x04F0      	IORWF      R0, 1
0x00B8	0x3000      	MOVLW      0
0x00B9	0x04F1      	IORWF      R0+1, 1
;__Lib_ADC_A_C.c,71 :: 		
L_end_ADC_Read:
0x00BA	0x0008      	RETURN
; end of _ADC_Read
_Calculate_number:
;Gsm_automate.c,143 :: 		void Calculate_number(){
;Gsm_automate.c,144 :: 		SenseMotion();
0x00BB	0x207B      	CALL       _SenseMotion
;Gsm_automate.c,145 :: 		if((in_success==1) &&out_success==0 ){
0x00BC	0x0820      	MOVF       _in_success, 0
0x00BD	0x3A01      	XORLW      1
0x00BE	0x1D03      	BTFSS      STATUS, 2
0x00BF	0x28E1      	GOTO       L_Calculate_number36
0x00C0	0x0821      	MOVF       _out_success, 0
0x00C1	0x3A00      	XORLW      0
0x00C2	0x1D03      	BTFSS      STATUS, 2
0x00C3	0x28E1      	GOTO       L_Calculate_number36
L__Calculate_number54:
;Gsm_automate.c,146 :: 		for(x=0;x<500;x++){
0x00C4	0x1683      	BSF        STATUS, 5
0x00C5	0x01CA      	CLRF       _x
0x00C6	0x01CB      	CLRF       _x+1
L_Calculate_number37:
0x00C7	0x3080      	MOVLW      128
0x00C8	0x064B      	XORWF      _x+1, 0
0x00C9	0x00F0      	MOVWF      R0
0x00CA	0x3080      	MOVLW      128
0x00CB	0x3A01      	XORLW      1
0x00CC	0x0270      	SUBWF      R0, 0
0x00CD	0x1D03      	BTFSS      STATUS, 2
0x00CE	0x28D1      	GOTO       L__Calculate_number64
0x00CF	0x30F4      	MOVLW      244
0x00D0	0x024A      	SUBWF      _x, 0
L__Calculate_number64:
0x00D1	0x1803      	BTFSC      STATUS, 0
0x00D2	0x28E1      	GOTO       L_Calculate_number38
;Gsm_automate.c,147 :: 		SenseMotion();
0x00D3	0x207B      	CALL       _SenseMotion
;Gsm_automate.c,148 :: 		if(out_success==1){
0x00D4	0x0821      	MOVF       _out_success, 0
0x00D5	0x3A01      	XORLW      1
0x00D6	0x1D03      	BTFSS      STATUS, 2
0x00D7	0x28DC      	GOTO       L_Calculate_number40
;Gsm_automate.c,149 :: 		counter++;
0x00D8	0x0AA2      	INCF       _counter, 1
;Gsm_automate.c,150 :: 		out_success=0;
0x00D9	0x01A1      	CLRF       _out_success
;Gsm_automate.c,151 :: 		in_success=0;
0x00DA	0x01A0      	CLRF       _in_success
;Gsm_automate.c,152 :: 		break;
0x00DB	0x28E1      	GOTO       L_Calculate_number38
;Gsm_automate.c,153 :: 		}
L_Calculate_number40:
;Gsm_automate.c,146 :: 		for(x=0;x<500;x++){
0x00DC	0x1683      	BSF        STATUS, 5
0x00DD	0x0ACA      	INCF       _x, 1
0x00DE	0x1903      	BTFSC      STATUS, 2
0x00DF	0x0ACB      	INCF       _x+1, 1
;Gsm_automate.c,154 :: 		}
0x00E0	0x28C7      	GOTO       L_Calculate_number37
L_Calculate_number38:
;Gsm_automate.c,155 :: 		}
L_Calculate_number36:
;Gsm_automate.c,157 :: 		if((out_success==1) && in_success==0){
0x00E1	0x1283      	BCF        STATUS, 5
0x00E2	0x0821      	MOVF       _out_success, 0
0x00E3	0x3A01      	XORLW      1
0x00E4	0x1D03      	BTFSS      STATUS, 2
0x00E5	0x290B      	GOTO       L_Calculate_number43
0x00E6	0x0820      	MOVF       _in_success, 0
0x00E7	0x3A00      	XORLW      0
0x00E8	0x1D03      	BTFSS      STATUS, 2
0x00E9	0x290B      	GOTO       L_Calculate_number43
L__Calculate_number53:
;Gsm_automate.c,158 :: 		for(x=0;x<500;x++){
0x00EA	0x1683      	BSF        STATUS, 5
0x00EB	0x01CA      	CLRF       _x
0x00EC	0x01CB      	CLRF       _x+1
L_Calculate_number44:
0x00ED	0x3080      	MOVLW      128
0x00EE	0x064B      	XORWF      _x+1, 0
0x00EF	0x00F0      	MOVWF      R0
0x00F0	0x3080      	MOVLW      128
0x00F1	0x3A01      	XORLW      1
0x00F2	0x0270      	SUBWF      R0, 0
0x00F3	0x1D03      	BTFSS      STATUS, 2
0x00F4	0x28F7      	GOTO       L__Calculate_number65
0x00F5	0x30F4      	MOVLW      244
0x00F6	0x024A      	SUBWF      _x, 0
L__Calculate_number65:
0x00F7	0x1803      	BTFSC      STATUS, 0
0x00F8	0x290B      	GOTO       L_Calculate_number45
;Gsm_automate.c,159 :: 		SenseMotion();
0x00F9	0x207B      	CALL       _SenseMotion
;Gsm_automate.c,160 :: 		if(in_success==1){
0x00FA	0x0820      	MOVF       _in_success, 0
0x00FB	0x3A01      	XORLW      1
0x00FC	0x1D03      	BTFSS      STATUS, 2
0x00FD	0x2906      	GOTO       L_Calculate_number47
;Gsm_automate.c,161 :: 		if(counter>0)counter--;
0x00FE	0x0822      	MOVF       _counter, 0
0x00FF	0x3C00      	SUBLW      0
0x0100	0x1803      	BTFSC      STATUS, 0
0x0101	0x2903      	GOTO       L_Calculate_number48
0x0102	0x03A2      	DECF       _counter, 1
L_Calculate_number48:
;Gsm_automate.c,162 :: 		out_success=0;
0x0103	0x01A1      	CLRF       _out_success
;Gsm_automate.c,163 :: 		in_success=0;
0x0104	0x01A0      	CLRF       _in_success
;Gsm_automate.c,164 :: 		break;
0x0105	0x290B      	GOTO       L_Calculate_number45
;Gsm_automate.c,165 :: 		}
L_Calculate_number47:
;Gsm_automate.c,158 :: 		for(x=0;x<500;x++){
0x0106	0x1683      	BSF        STATUS, 5
0x0107	0x0ACA      	INCF       _x, 1
0x0108	0x1903      	BTFSC      STATUS, 2
0x0109	0x0ACB      	INCF       _x+1, 1
;Gsm_automate.c,166 :: 		}
0x010A	0x28ED      	GOTO       L_Calculate_number44
L_Calculate_number45:
;Gsm_automate.c,167 :: 		}
L_Calculate_number43:
;Gsm_automate.c,169 :: 		}
L_end_Calculate_number:
0x010B	0x0008      	RETURN
; end of _Calculate_number
_senseGas:
;Gsm_automate.c,122 :: 		void senseGas(){
;Gsm_automate.c,123 :: 		senseDigital = adc_read(0);
0x010C	0x1683      	BSF        STATUS, 5
0x010D	0x1303      	BCF        STATUS, 6
0x010E	0x01D2      	CLRF       FARG_ADC_Read_channel
0x010F	0x2097      	CALL       _ADC_Read
0x0110	0x0870      	MOVF       R0, 0
0x0111	0x1283      	BCF        STATUS, 5
0x0112	0x00ED      	MOVWF      _senseDigital
0x0113	0x0871      	MOVF       R0+1, 0
0x0114	0x00EE      	MOVWF      _senseDigital+1
;Gsm_automate.c,124 :: 		if(senseDigital >=270){
0x0115	0x3080      	MOVLW      128
0x0116	0x0671      	XORWF      R0+1, 0
0x0117	0x00F2      	MOVWF      R2
0x0118	0x3080      	MOVLW      128
0x0119	0x3A01      	XORLW      1
0x011A	0x0272      	SUBWF      R2, 0
0x011B	0x1D03      	BTFSS      STATUS, 2
0x011C	0x291F      	GOTO       L__senseGas60
0x011D	0x300E      	MOVLW      14
0x011E	0x0270      	SUBWF      R0, 0
L__senseGas60:
0x011F	0x1C03      	BTFSS      STATUS, 0
0x0120	0x2922      	GOTO       L_senseGas25
;Gsm_automate.c,126 :: 		}  else if(senseDigital>400) {
0x0121	0x2934      	GOTO       L_senseGas26
L_senseGas25:
0x0122	0x3080      	MOVLW      128
0x0123	0x3A01      	XORLW      1
0x0124	0x00F0      	MOVWF      R0
0x0125	0x3080      	MOVLW      128
0x0126	0x066E      	XORWF      _senseDigital+1, 0
0x0127	0x0270      	SUBWF      R0, 0
0x0128	0x1D03      	BTFSS      STATUS, 2
0x0129	0x292C      	GOTO       L__senseGas61
0x012A	0x086D      	MOVF       _senseDigital, 0
0x012B	0x3C90      	SUBLW      144
L__senseGas61:
0x012C	0x1803      	BTFSC      STATUS, 0
0x012D	0x2934      	GOTO       L_senseGas27
;Gsm_automate.c,127 :: 		sendSms(gasMsg);
0x012E	0x30A5      	MOVLW      _gasMsg
0x012F	0x1683      	BSF        STATUS, 5
0x0130	0x00D2      	MOVWF      FARG_SendSms_sms
0x0131	0x3002      	MOVLW      hi_addr(_gasMsg)
0x0132	0x00D3      	MOVWF      FARG_SendSms_sms+1
0x0133	0x2034      	CALL       _SendSms
;Gsm_automate.c,128 :: 		}
L_senseGas27:
L_senseGas26:
;Gsm_automate.c,129 :: 		}
L_end_senseGas:
0x0134	0x0008      	RETURN
; end of _senseGas
_getAction:
;Gsm_automate.c,44 :: 		void getAction(char *people){
;Gsm_automate.c,45 :: 		if (UART1_Data_Ready()==1){
0x0135	0x2064      	CALL       _UART1_Data_Ready
0x0136	0x0870      	MOVF       R0, 0
0x0137	0x3A01      	XORLW      1
0x0138	0x1D03      	BTFSS      STATUS, 2
0x0139	0x2982      	GOTO       L_getAction7
;Gsm_automate.c,46 :: 		switch(UART1_read()){
0x013A	0x208C      	CALL       _UART1_Read
0x013B	0x296A      	GOTO       L_getAction8
;Gsm_automate.c,47 :: 		case ':' :
L_getAction10:
;Gsm_automate.c,48 :: 		j++;
0x013C	0x0AEF      	INCF       _j, 1
;Gsm_automate.c,49 :: 		if(j==3){
0x013D	0x086F      	MOVF       _j, 0
0x013E	0x3A03      	XORLW      3
0x013F	0x1D03      	BTFSS      STATUS, 2
0x0140	0x2941      	GOTO       L_getAction11
;Gsm_automate.c,52 :: 		}
L_getAction11:
;Gsm_automate.c,54 :: 		break;
0x0141	0x2982      	GOTO       L_getAction9
;Gsm_automate.c,55 :: 		case '\r':
L_getAction12:
;Gsm_automate.c,56 :: 		if(j==3){
0x0142	0x086F      	MOVF       _j, 0
0x0143	0x3A03      	XORLW      3
0x0144	0x1D03      	BTFSS      STATUS, 2
0x0145	0x2949      	GOTO       L_getAction13
;Gsm_automate.c,57 :: 		success=1;
0x0146	0x3001      	MOVLW      1
0x0147	0x00EC      	MOVWF      _success
;Gsm_automate.c,59 :: 		j=0;
0x0148	0x01EF      	CLRF       _j
;Gsm_automate.c,61 :: 		}
L_getAction13:
;Gsm_automate.c,62 :: 		break;
0x0149	0x2982      	GOTO       L_getAction9
;Gsm_automate.c,64 :: 		case '*':
L_getAction14:
;Gsm_automate.c,65 :: 		if(success==1){
0x014A	0x086C      	MOVF       _success, 0
0x014B	0x3A01      	XORLW      1
0x014C	0x1D03      	BTFSS      STATUS, 2
0x014D	0x2951      	GOTO       L_getAction15
;Gsm_automate.c,66 :: 		success=0;
0x014E	0x01EC      	CLRF       _success
;Gsm_automate.c,67 :: 		extractMsg=1;
0x014F	0x3001      	MOVLW      1
0x0150	0x00A4      	MOVWF      _extractMsg
;Gsm_automate.c,68 :: 		}
L_getAction15:
;Gsm_automate.c,69 :: 		break;
0x0151	0x2982      	GOTO       L_getAction9
;Gsm_automate.c,71 :: 		case '2':
L_getAction16:
;Gsm_automate.c,72 :: 		if(extractMsg==1){
0x0152	0x0824      	MOVF       _extractMsg, 0
0x0153	0x3A01      	XORLW      1
0x0154	0x1D03      	BTFSS      STATUS, 2
0x0155	0x2959      	GOTO       L_getAction17
;Gsm_automate.c,73 :: 		extractMsg=0;
0x0156	0x01A4      	CLRF       _extractMsg
;Gsm_automate.c,74 :: 		getNum=2;}
0x0157	0x3002      	MOVLW      2
0x0158	0x00A3      	MOVWF      _getNum
L_getAction17:
;Gsm_automate.c,75 :: 		break;
0x0159	0x2982      	GOTO       L_getAction9
;Gsm_automate.c,77 :: 		case '3':
L_getAction18:
;Gsm_automate.c,78 :: 		if(extractMsg==1){
0x015A	0x0824      	MOVF       _extractMsg, 0
0x015B	0x3A01      	XORLW      1
0x015C	0x1D03      	BTFSS      STATUS, 2
0x015D	0x2961      	GOTO       L_getAction19
;Gsm_automate.c,79 :: 		extractMsg=0;
0x015E	0x01A4      	CLRF       _extractMsg
;Gsm_automate.c,80 :: 		getNum=3;}
0x015F	0x3003      	MOVLW      3
0x0160	0x00A3      	MOVWF      _getNum
L_getAction19:
;Gsm_automate.c,81 :: 		break;
0x0161	0x2982      	GOTO       L_getAction9
;Gsm_automate.c,83 :: 		case '1':
L_getAction20:
;Gsm_automate.c,84 :: 		if(extractMsg==1){
0x0162	0x0824      	MOVF       _extractMsg, 0
0x0163	0x3A01      	XORLW      1
0x0164	0x1D03      	BTFSS      STATUS, 2
0x0165	0x2969      	GOTO       L_getAction21
;Gsm_automate.c,85 :: 		extractMsg=0;
0x0166	0x01A4      	CLRF       _extractMsg
;Gsm_automate.c,86 :: 		getNum=1;}
0x0167	0x3001      	MOVLW      1
0x0168	0x00A3      	MOVWF      _getNum
L_getAction21:
;Gsm_automate.c,87 :: 		break;
0x0169	0x2982      	GOTO       L_getAction9
;Gsm_automate.c,88 :: 		}
L_getAction8:
0x016A	0x0870      	MOVF       R0, 0
0x016B	0x3A3A      	XORLW      58
0x016C	0x1903      	BTFSC      STATUS, 2
0x016D	0x293C      	GOTO       L_getAction10
0x016E	0x0870      	MOVF       R0, 0
0x016F	0x3A0D      	XORLW      13
0x0170	0x1903      	BTFSC      STATUS, 2
0x0171	0x2942      	GOTO       L_getAction12
0x0172	0x0870      	MOVF       R0, 0
0x0173	0x3A2A      	XORLW      42
0x0174	0x1903      	BTFSC      STATUS, 2
0x0175	0x294A      	GOTO       L_getAction14
0x0176	0x0870      	MOVF       R0, 0
0x0177	0x3A32      	XORLW      50
0x0178	0x1903      	BTFSC      STATUS, 2
0x0179	0x2952      	GOTO       L_getAction16
0x017A	0x0870      	MOVF       R0, 0
0x017B	0x3A33      	XORLW      51
0x017C	0x1903      	BTFSC      STATUS, 2
0x017D	0x295A      	GOTO       L_getAction18
0x017E	0x0870      	MOVF       R0, 0
0x017F	0x3A31      	XORLW      49
0x0180	0x1903      	BTFSC      STATUS, 2
0x0181	0x2962      	GOTO       L_getAction20
L_getAction9:
;Gsm_automate.c,92 :: 		}
L_getAction7:
;Gsm_automate.c,93 :: 		if(getNum==3){
0x0182	0x0823      	MOVF       _getNum, 0
0x0183	0x3A03      	XORLW      3
0x0184	0x1D03      	BTFSS      STATUS, 2
0x0185	0x2987      	GOTO       L_getAction22
;Gsm_automate.c,95 :: 		getNum=0;
0x0186	0x01A3      	CLRF       _getNum
;Gsm_automate.c,96 :: 		}
L_getAction22:
;Gsm_automate.c,98 :: 		}
L_end_getAction:
0x0187	0x0008      	RETURN
; end of _getAction
___CC2DW:
;__Lib_System.c,134 :: 		
;__Lib_System.c,137 :: 		
_CC2D_Loop1:
;__Lib_System.c,139 :: 		
0x0188	0x200D      	CALL       _____DoICP
0x0189	0x118A      	BCF        PCLATH, 3
0x018A	0x120A      	BCF        PCLATH, 4
;__Lib_System.c,141 :: 		
0x018B	0x0080      	MOVWF      INDF
;__Lib_System.c,142 :: 		
0x018C	0x0A84      	INCF       FSR, 1
;__Lib_System.c,143 :: 		
0x018D	0x0ACC      	INCF       ___DoICPAddr, 1
;__Lib_System.c,145 :: 		
0x018E	0x1903      	BTFSC      STATUS, 2
;__Lib_System.c,146 :: 		
0x018F	0x0ACD      	INCF       ___DoICPAddr+1, 1
;__Lib_System.c,147 :: 		
0x0190	0x03F0      	DECF       R0, 1
;__Lib_System.c,149 :: 		
0x0191	0x1D03      	BTFSS      STATUS, 2
;__Lib_System.c,150 :: 		
0x0192	0x2988      	GOTO       _CC2D_Loop1
;__Lib_System.c,152 :: 		
L_end___CC2DW:
0x0193	0x0008      	RETURN
; end of ___CC2DW
_Initialization:
;Gsm_automate.c,22 :: 		void Initialization()
;Gsm_automate.c,24 :: 		UART1_Init(9600);   // Initialize Serial Port at 9600 baud rate
0x0194	0x304D      	MOVLW      77
0x0195	0x1683      	BSF        STATUS, 5
0x0196	0x1303      	BCF        STATUS, 6
0x0197	0x0099      	MOVWF      SPBRG
0x0198	0x1518      	BSF        TXSTA, 2
0x0199	0x206B      	CALL       _UART1_Init
;Gsm_automate.c,25 :: 		delay_ms(5000);
0x019A	0x304D      	MOVLW      77
0x019B	0x00FB      	MOVWF      R11
0x019C	0x3019      	MOVLW      25
0x019D	0x00FC      	MOVWF      R12
0x019E	0x304F      	MOVLW      79
0x019F	0x00FD      	MOVWF      R13
L_Initialization0:
0x01A0	0x0BFD      	DECFSZ     R13, 1
0x01A1	0x29A0      	GOTO       L_Initialization0
0x01A2	0x0BFC      	DECFSZ     R12, 1
0x01A3	0x29A0      	GOTO       L_Initialization0
0x01A4	0x0BFB      	DECFSZ     R11, 1
0x01A5	0x29A0      	GOTO       L_Initialization0
0x01A6	0x0000      	NOP
0x01A7	0x0000      	NOP
;Gsm_automate.c,26 :: 		UART1_Write_Text("ATE0\r\n");
0x01A8	0x30A0      	MOVLW      ?lstr1_Gsm_automate
0x01A9	0x1683      	BSF        STATUS, 5
0x01AA	0x00D4      	MOVWF      FARG_UART1_Write_Text_uart_text
0x01AB	0x201D      	CALL       _UART1_Write_Text
;Gsm_automate.c,27 :: 		Delay_ms(1000);
0x01AC	0x3010      	MOVLW      16
0x01AD	0x00FB      	MOVWF      R11
0x01AE	0x3039      	MOVLW      57
0x01AF	0x00FC      	MOVWF      R12
0x01B0	0x300D      	MOVLW      13
0x01B1	0x00FD      	MOVWF      R13
L_Initialization1:
0x01B2	0x0BFD      	DECFSZ     R13, 1
0x01B3	0x29B2      	GOTO       L_Initialization1
0x01B4	0x0BFC      	DECFSZ     R12, 1
0x01B5	0x29B2      	GOTO       L_Initialization1
0x01B6	0x0BFB      	DECFSZ     R11, 1
0x01B7	0x29B2      	GOTO       L_Initialization1
0x01B8	0x0000      	NOP
0x01B9	0x0000      	NOP
;Gsm_automate.c,28 :: 		UART1_Write_Text("AT+CMGF=1\r\n");
0x01BA	0x305F      	MOVLW      ?lstr2_Gsm_automate
0x01BB	0x00D4      	MOVWF      FARG_UART1_Write_Text_uart_text
0x01BC	0x201D      	CALL       _UART1_Write_Text
;Gsm_automate.c,29 :: 		delay_ms(1000);
0x01BD	0x3010      	MOVLW      16
0x01BE	0x00FB      	MOVWF      R11
0x01BF	0x3039      	MOVLW      57
0x01C0	0x00FC      	MOVWF      R12
0x01C1	0x300D      	MOVLW      13
0x01C2	0x00FD      	MOVWF      R13
L_Initialization2:
0x01C3	0x0BFD      	DECFSZ     R13, 1
0x01C4	0x29C3      	GOTO       L_Initialization2
0x01C5	0x0BFC      	DECFSZ     R12, 1
0x01C6	0x29C3      	GOTO       L_Initialization2
0x01C7	0x0BFB      	DECFSZ     R11, 1
0x01C8	0x29C3      	GOTO       L_Initialization2
0x01C9	0x0000      	NOP
0x01CA	0x0000      	NOP
;Gsm_automate.c,30 :: 		UART1_Write_Text("AT+CNMI=2,2,0,0,0\r\n");
0x01CB	0x30A7      	MOVLW      ?lstr3_Gsm_automate
0x01CC	0x00D4      	MOVWF      FARG_UART1_Write_Text_uart_text
0x01CD	0x201D      	CALL       _UART1_Write_Text
;Gsm_automate.c,31 :: 		delay_ms(1000);
0x01CE	0x3010      	MOVLW      16
0x01CF	0x00FB      	MOVWF      R11
0x01D0	0x3039      	MOVLW      57
0x01D1	0x00FC      	MOVWF      R12
0x01D2	0x300D      	MOVLW      13
0x01D3	0x00FD      	MOVWF      R13
L_Initialization3:
0x01D4	0x0BFD      	DECFSZ     R13, 1
0x01D5	0x29D4      	GOTO       L_Initialization3
0x01D6	0x0BFC      	DECFSZ     R12, 1
0x01D7	0x29D4      	GOTO       L_Initialization3
0x01D8	0x0BFB      	DECFSZ     R11, 1
0x01D9	0x29D4      	GOTO       L_Initialization3
0x01DA	0x0000      	NOP
0x01DB	0x0000      	NOP
;Gsm_automate.c,32 :: 		}
L_end_Initialization:
0x01DC	0x0008      	RETURN
; end of _Initialization
_numberOfPeople:
;Gsm_automate.c,100 :: 		void numberOfPeople(char *pop,char dig3, char dig2, char dig1){
;Gsm_automate.c,101 :: 		people[0]= dig3+48;
0x01DD	0x3030      	MOVLW      48
0x01DE	0x1683      	BSF        STATUS, 5
0x01DF	0x1303      	BCF        STATUS, 6
0x01E0	0x074F      	ADDWF      FARG_numberOfPeople_dig3, 0
0x01E1	0x1283      	BCF        STATUS, 5
0x01E2	0x00C2      	MOVWF      _people
;Gsm_automate.c,102 :: 		people[1]= dig2+48;
0x01E3	0x3030      	MOVLW      48
0x01E4	0x1683      	BSF        STATUS, 5
0x01E5	0x0750      	ADDWF      FARG_numberOfPeople_dig2, 0
0x01E6	0x1283      	BCF        STATUS, 5
0x01E7	0x00C3      	MOVWF      _people+1
;Gsm_automate.c,103 :: 		people[2]= dig1+48;
0x01E8	0x3030      	MOVLW      48
0x01E9	0x1683      	BSF        STATUS, 5
0x01EA	0x0751      	ADDWF      FARG_numberOfPeople_dig1, 0
0x01EB	0x1283      	BCF        STATUS, 5
0x01EC	0x00C4      	MOVWF      _people+2
;Gsm_automate.c,104 :: 		people[3]= ' ';
0x01ED	0x3020      	MOVLW      32
0x01EE	0x00C5      	MOVWF      _people+3
;Gsm_automate.c,105 :: 		i=4;
0x01EF	0x3004      	MOVLW      4
0x01F0	0x00D4      	MOVWF      _i
;Gsm_automate.c,106 :: 		while(*pop){
L_numberOfPeople23:
0x01F1	0x1683      	BSF        STATUS, 5
0x01F2	0x084E      	MOVF       FARG_numberOfPeople_pop, 0
0x01F3	0x0084      	MOVWF      FSR
0x01F4	0x0800      	MOVF       INDF, 0
0x01F5	0x1903      	BTFSC      STATUS, 2
0x01F6	0x2A08      	GOTO       L_numberOfPeople24
;Gsm_automate.c,107 :: 		people[i]=*pop;
0x01F7	0x1283      	BCF        STATUS, 5
0x01F8	0x0854      	MOVF       _i, 0
0x01F9	0x3E42      	ADDLW      _people
0x01FA	0x00F1      	MOVWF      R1
0x01FB	0x1683      	BSF        STATUS, 5
0x01FC	0x084E      	MOVF       FARG_numberOfPeople_pop, 0
0x01FD	0x0084      	MOVWF      FSR
0x01FE	0x0800      	MOVF       INDF, 0
0x01FF	0x00F0      	MOVWF      R0
0x0200	0x0871      	MOVF       R1, 0
0x0201	0x0084      	MOVWF      FSR
0x0202	0x0870      	MOVF       R0, 0
0x0203	0x0080      	MOVWF      INDF
;Gsm_automate.c,108 :: 		*pop++;
0x0204	0x0ACE      	INCF       FARG_numberOfPeople_pop, 1
;Gsm_automate.c,109 :: 		i++;
0x0205	0x1283      	BCF        STATUS, 5
0x0206	0x0AD4      	INCF       _i, 1
;Gsm_automate.c,110 :: 		}
0x0207	0x29F1      	GOTO       L_numberOfPeople23
L_numberOfPeople24:
0x0208	0x1283      	BCF        STATUS, 5
;Gsm_automate.c,111 :: 		people[i]= ' ';
0x0209	0x0854      	MOVF       _i, 0
0x020A	0x3E42      	ADDLW      _people
0x020B	0x0084      	MOVWF      FSR
0x020C	0x3020      	MOVLW      32
0x020D	0x0080      	MOVWF      INDF
;Gsm_automate.c,112 :: 		people[i+=2]= '\0';
0x020E	0x3002      	MOVLW      2
0x020F	0x0754      	ADDWF      _i, 0
0x0210	0x00F0      	MOVWF      R0
0x0211	0x0870      	MOVF       R0, 0
0x0212	0x00D4      	MOVWF      _i
0x0213	0x0870      	MOVF       R0, 0
0x0214	0x3E42      	ADDLW      _people
0x0215	0x0084      	MOVWF      FSR
0x0216	0x0180      	CLRF       INDF
;Gsm_automate.c,116 :: 		}
L_end_numberOfPeople:
0x0217	0x0008      	RETURN
; end of _numberOfPeople
_main:
0x0218	0x22F0      	CALL       752
;Gsm_automate.c,174 :: 		void main() {
;Gsm_automate.c,175 :: 		portb=0;
0x0219	0x1283      	BCF        STATUS, 5
0x021A	0x1303      	BCF        STATUS, 6
0x021B	0x0186      	CLRF       PORTB
;Gsm_automate.c,176 :: 		portd=0;
0x021C	0x0188      	CLRF       PORTD
;Gsm_automate.c,177 :: 		trisd=0;
0x021D	0x1683      	BSF        STATUS, 5
0x021E	0x0188      	CLRF       TRISD
;Gsm_automate.c,178 :: 		trisb=0x00;
0x021F	0x0186      	CLRF       TRISB
;Gsm_automate.c,179 :: 		trisc4_bit=1;
0x0220	0x1607      	BSF        TRISC4_bit, 4
;Gsm_automate.c,180 :: 		trisc3_bit=1;
0x0221	0x1587      	BSF        TRISC3_bit, 3
;Gsm_automate.c,181 :: 		getNum=0;
0x0222	0x1283      	BCF        STATUS, 5
0x0223	0x01A3      	CLRF       _getNum
;Gsm_automate.c,182 :: 		Initialization();
0x0224	0x2194      	CALL       _Initialization
;Gsm_automate.c,183 :: 		delay_ms(4000);
0x0225	0x303D      	MOVLW      61
0x0226	0x00FB      	MOVWF      R11
0x0227	0x30E1      	MOVLW      225
0x0228	0x00FC      	MOVWF      R12
0x0229	0x303F      	MOVLW      63
0x022A	0x00FD      	MOVWF      R13
L_main49:
0x022B	0x0BFD      	DECFSZ     R13, 1
0x022C	0x2A2B      	GOTO       L_main49
0x022D	0x0BFC      	DECFSZ     R12, 1
0x022E	0x2A2B      	GOTO       L_main49
0x022F	0x0BFB      	DECFSZ     R11, 1
0x0230	0x2A2B      	GOTO       L_main49
0x0231	0x0000      	NOP
0x0232	0x0000      	NOP
;Gsm_automate.c,184 :: 		do
L_main50:
0x0233	0x1683      	BSF        STATUS, 5
;Gsm_automate.c,186 :: 		numberOfPeople("Persons inside",hun,tens,unit);
0x0234	0x30BB      	MOVLW      ?lstr5_Gsm_automate
0x0235	0x00CE      	MOVWF      FARG_numberOfPeople_pop
0x0236	0x1283      	BCF        STATUS, 5
0x0237	0x086B      	MOVF       _hun, 0
0x0238	0x1683      	BSF        STATUS, 5
0x0239	0x00CF      	MOVWF      FARG_numberOfPeople_dig3
0x023A	0x1283      	BCF        STATUS, 5
0x023B	0x0841      	MOVF       _tens, 0
0x023C	0x1683      	BSF        STATUS, 5
0x023D	0x00D0      	MOVWF      FARG_numberOfPeople_dig2
0x023E	0x1283      	BCF        STATUS, 5
0x023F	0x0840      	MOVF       _unit, 0
0x0240	0x1683      	BSF        STATUS, 5
0x0241	0x00D1      	MOVWF      FARG_numberOfPeople_dig1
0x0242	0x21DD      	CALL       _numberOfPeople
;Gsm_automate.c,187 :: 		getAction(people);
0x0243	0x3042      	MOVLW      _people
0x0244	0x1683      	BSF        STATUS, 5
0x0245	0x00CE      	MOVWF      FARG_getAction_people
0x0246	0x2135      	CALL       _getAction
;Gsm_automate.c,188 :: 		senseGas();
0x0247	0x210C      	CALL       _senseGas
;Gsm_automate.c,189 :: 		SenseMotion();
0x0248	0x207B      	CALL       _SenseMotion
;Gsm_automate.c,190 :: 		Calculate_number();
0x0249	0x20BB      	CALL       _Calculate_number
;Gsm_automate.c,191 :: 		portb=seven_seg[counter];
0x024A	0x1283      	BCF        STATUS, 5
0x024B	0x1303      	BCF        STATUS, 6
0x024C	0x0822      	MOVF       _counter, 0
0x024D	0x3E55      	ADDLW      _seven_seg
0x024E	0x0084      	MOVWF      FSR
0x024F	0x0800      	MOVF       INDF, 0
0x0250	0x0086      	MOVWF      PORTB
;Gsm_automate.c,192 :: 		portd=0xff;
0x0251	0x30FF      	MOVLW      255
0x0252	0x0088      	MOVWF      PORTD
;Gsm_automate.c,193 :: 		}while(1);
0x0253	0x2A33      	GOTO       L_main50
;Gsm_automate.c,194 :: 		}
L_end_main:
0x0254	0x2A54      	GOTO       $+0
; end of _main
0x02F0	0x3020      	MOVLW      32
0x02F1	0x0084      	MOVWF      FSR
0x02F2	0x304B      	MOVLW      75
0x02F3	0x1283      	BCF        STATUS, 5
0x02F4	0x1303      	BCF        STATUS, 6
0x02F5	0x00F0      	MOVWF      R0
0x02F6	0x305A      	MOVLW      90
0x02F7	0x1683      	BSF        STATUS, 5
0x02F8	0x00CC      	MOVWF      ___DoICPAddr
0x02F9	0x3002      	MOVLW      2
0x02FA	0x00CD      	MOVWF      205
0x02FB	0x2188      	CALL       392
0x02FC	0x30A0      	MOVLW      160
0x02FD	0x0084      	MOVWF      FSR
0x02FE	0x301B      	MOVLW      27
0x02FF	0x00F0      	MOVWF      R0
0x0300	0x30C1      	MOVLW      193
0x0301	0x1683      	BSF        STATUS, 5
0x0302	0x00CC      	MOVWF      ___DoICPAddr
0x0303	0x3002      	MOVLW      2
0x0304	0x00CD      	MOVWF      205
0x0305	0x2188      	CALL       392
0x0306	0x306B      	MOVLW      107
0x0307	0x0084      	MOVWF      FSR
0x0308	0x3001      	MOVLW      1
0x0309	0x00F0      	MOVWF      R0
0x030A	0x30EF      	MOVLW      239
0x030B	0x1683      	BSF        STATUS, 5
0x030C	0x00CC      	MOVWF      ___DoICPAddr
0x030D	0x3002      	MOVLW      2
0x030E	0x00CD      	MOVWF      205
0x030F	0x2188      	CALL       392
0x0310	0x30BB      	MOVLW      187
0x0311	0x0084      	MOVWF      FSR
0x0312	0x300F      	MOVLW      15
0x0313	0x00F0      	MOVWF      R0
0x0314	0x30DC      	MOVLW      220
0x0315	0x1683      	BSF        STATUS, 5
0x0316	0x00CC      	MOVWF      ___DoICPAddr
0x0317	0x3002      	MOVLW      2
0x0318	0x00CD      	MOVWF      205
0x0319	0x2188      	CALL       392
0x031A	0x306C      	MOVLW      108
0x031B	0x0084      	MOVWF      FSR
0x031C	0x3004      	MOVLW      4
0x031D	0x00F0      	MOVWF      R0
0x031E	0x30EB      	MOVLW      235
0x031F	0x1683      	BSF        STATUS, 5
0x0320	0x00CC      	MOVWF      ___DoICPAddr
0x0321	0x3002      	MOVLW      2
0x0322	0x00CD      	MOVWF      205
0x0323	0x2188      	CALL       392
0x0324	0x0008      	RETURN
;Gsm_automate.c,0 :: ?ICS_in_success
0x025A	0x3400 ;?ICS_in_success+0
; end of ?ICS_in_success
;Gsm_automate.c,0 :: ?ICS_out_success
0x025B	0x3400 ;?ICS_out_success+0
; end of ?ICS_out_success
;Gsm_automate.c,0 :: ?ICS_counter
0x025C	0x3400 ;?ICS_counter+0
; end of ?ICS_counter
;Gsm_automate.c,0 :: ?ICS_getNum
0x025D	0x3400 ;?ICS_getNum+0
; end of ?ICS_getNum
;Gsm_automate.c,0 :: ?ICS_extractMsg
0x025E	0x3400 ;?ICS_extractMsg+0
; end of ?ICS_extractMsg
;Gsm_automate.c,0 :: ?ICS?lstr4_Gsm_automate
0x025F	0x3441 ;?ICS?lstr4_Gsm_automate+0
0x0260	0x3454 ;?ICS?lstr4_Gsm_automate+1
0x0261	0x342B ;?ICS?lstr4_Gsm_automate+2
0x0262	0x3443 ;?ICS?lstr4_Gsm_automate+3
0x0263	0x344D ;?ICS?lstr4_Gsm_automate+4
0x0264	0x3447 ;?ICS?lstr4_Gsm_automate+5
0x0265	0x3453 ;?ICS?lstr4_Gsm_automate+6
0x0266	0x343D ;?ICS?lstr4_Gsm_automate+7
0x0267	0x3422 ;?ICS?lstr4_Gsm_automate+8
0x0268	0x342B ;?ICS?lstr4_Gsm_automate+9
0x0269	0x3432 ;?ICS?lstr4_Gsm_automate+10
0x026A	0x3433 ;?ICS?lstr4_Gsm_automate+11
0x026B	0x3434 ;?ICS?lstr4_Gsm_automate+12
0x026C	0x3438 ;?ICS?lstr4_Gsm_automate+13
0x026D	0x3431 ;?ICS?lstr4_Gsm_automate+14
0x026E	0x3430 ;?ICS?lstr4_Gsm_automate+15
0x026F	0x3438 ;?ICS?lstr4_Gsm_automate+16
0x0270	0x3438 ;?ICS?lstr4_Gsm_automate+17
0x0271	0x3439 ;?ICS?lstr4_Gsm_automate+18
0x0272	0x3433 ;?ICS?lstr4_Gsm_automate+19
0x0273	0x3434 ;?ICS?lstr4_Gsm_automate+20
0x0274	0x3430 ;?ICS?lstr4_Gsm_automate+21
0x0275	0x3433 ;?ICS?lstr4_Gsm_automate+22
0x0276	0x3422 ;?ICS?lstr4_Gsm_automate+23
0x0277	0x340D ;?ICS?lstr4_Gsm_automate+24
0x0278	0x340A ;?ICS?lstr4_Gsm_automate+25
0x0279	0x3400 ;?ICS?lstr4_Gsm_automate+26
; end of ?ICS?lstr4_Gsm_automate
;Gsm_automate.c,0 :: ?ICS_unit
0x027A	0x3404 ;?ICS_unit+0
; end of ?ICS_unit
;Gsm_automate.c,0 :: ?ICS_tens
0x027B	0x3403 ;?ICS_tens+0
; end of ?ICS_tens
;Gsm_automate.c,0 :: ?ICS_people
0x027C	0x3430 ;?ICS_people+0
0x027D	0x3400 ;?ICS_people+1
0x027E	0x3400 ;?ICS_people+2
0x027F	0x3400 ;?ICS_people+3
0x0280	0x3400 ;?ICS_people+4
0x0281	0x3400 ;?ICS_people+5
0x0282	0x3400 ;?ICS_people+6
0x0283	0x3400 ;?ICS_people+7
0x0284	0x3400 ;?ICS_people+8
0x0285	0x3400 ;?ICS_people+9
0x0286	0x3400 ;?ICS_people+10
0x0287	0x3400 ;?ICS_people+11
0x0288	0x3400 ;?ICS_people+12
0x0289	0x3400 ;?ICS_people+13
0x028A	0x3400 ;?ICS_people+14
0x028B	0x3400 ;?ICS_people+15
0x028C	0x3400 ;?ICS_people+16
0x028D	0x3400 ;?ICS_people+17
; end of ?ICS_people
;Gsm_automate.c,0 :: ?ICS_i
0x028E	0x3400 ;?ICS_i+0
; end of ?ICS_i
;Gsm_automate.c,0 :: ?ICS_seven_seg
0x028F	0x343F ;?ICS_seven_seg+0
0x0290	0x3406 ;?ICS_seven_seg+1
0x0291	0x345B ;?ICS_seven_seg+2
0x0292	0x344F ;?ICS_seven_seg+3
0x0293	0x3466 ;?ICS_seven_seg+4
0x0294	0x346D ;?ICS_seven_seg+5
0x0295	0x347D ;?ICS_seven_seg+6
0x0296	0x3407 ;?ICS_seven_seg+7
0x0297	0x347F ;?ICS_seven_seg+8
0x0298	0x346F ;?ICS_seven_seg+9
; end of ?ICS_seven_seg
;Gsm_automate.c,0 :: ?ICS?lstr2_Gsm_automate
0x0299	0x3441 ;?ICS?lstr2_Gsm_automate+0
0x029A	0x3454 ;?ICS?lstr2_Gsm_automate+1
0x029B	0x342B ;?ICS?lstr2_Gsm_automate+2
0x029C	0x3443 ;?ICS?lstr2_Gsm_automate+3
0x029D	0x344D ;?ICS?lstr2_Gsm_automate+4
0x029E	0x3447 ;?ICS?lstr2_Gsm_automate+5
0x029F	0x3446 ;?ICS?lstr2_Gsm_automate+6
0x02A0	0x343D ;?ICS?lstr2_Gsm_automate+7
0x02A1	0x3431 ;?ICS?lstr2_Gsm_automate+8
0x02A2	0x340D ;?ICS?lstr2_Gsm_automate+9
0x02A3	0x340A ;?ICS?lstr2_Gsm_automate+10
0x02A4	0x3400 ;?ICS?lstr2_Gsm_automate+11
; end of ?ICS?lstr2_Gsm_automate
;Gsm_automate.c,5 :: _gasMsg
0x02A5	0x3447 ;_gasMsg+0
0x02A6	0x3461 ;_gasMsg+1
0x02A7	0x3473 ;_gasMsg+2
0x02A8	0x3420 ;_gasMsg+3
0x02A9	0x346C ;_gasMsg+4
0x02AA	0x3465 ;_gasMsg+5
0x02AB	0x3461 ;_gasMsg+6
0x02AC	0x346B ;_gasMsg+7
0x02AD	0x3461 ;_gasMsg+8
0x02AE	0x3467 ;_gasMsg+9
0x02AF	0x3465 ;_gasMsg+10
0x02B0	0x3420 ;_gasMsg+11
0x02B1	0x3469 ;_gasMsg+12
0x02B2	0x346E ;_gasMsg+13
0x02B3	0x3420 ;_gasMsg+14
0x02B4	0x3474 ;_gasMsg+15
0x02B5	0x3468 ;_gasMsg+16
0x02B6	0x3465 ;_gasMsg+17
0x02B7	0x3420 ;_gasMsg+18
0x02B8	0x3462 ;_gasMsg+19
0x02B9	0x3475 ;_gasMsg+20
0x02BA	0x3469 ;_gasMsg+21
0x02BB	0x346C ;_gasMsg+22
0x02BC	0x3464 ;_gasMsg+23
0x02BD	0x3469 ;_gasMsg+24
0x02BE	0x346E ;_gasMsg+25
0x02BF	0x3467 ;_gasMsg+26
0x02C0	0x3400 ;_gasMsg+27
; end of _gasMsg
;Gsm_automate.c,0 :: ?ICS?lstr1_Gsm_automate
0x02C1	0x3441 ;?ICS?lstr1_Gsm_automate+0
0x02C2	0x3454 ;?ICS?lstr1_Gsm_automate+1
0x02C3	0x3445 ;?ICS?lstr1_Gsm_automate+2
0x02C4	0x3430 ;?ICS?lstr1_Gsm_automate+3
0x02C5	0x340D ;?ICS?lstr1_Gsm_automate+4
0x02C6	0x340A ;?ICS?lstr1_Gsm_automate+5
0x02C7	0x3400 ;?ICS?lstr1_Gsm_automate+6
; end of ?ICS?lstr1_Gsm_automate
;Gsm_automate.c,0 :: ?ICS?lstr3_Gsm_automate
0x02C8	0x3441 ;?ICS?lstr3_Gsm_automate+0
0x02C9	0x3454 ;?ICS?lstr3_Gsm_automate+1
0x02CA	0x342B ;?ICS?lstr3_Gsm_automate+2
0x02CB	0x3443 ;?ICS?lstr3_Gsm_automate+3
0x02CC	0x344E ;?ICS?lstr3_Gsm_automate+4
0x02CD	0x344D ;?ICS?lstr3_Gsm_automate+5
0x02CE	0x3449 ;?ICS?lstr3_Gsm_automate+6
0x02CF	0x343D ;?ICS?lstr3_Gsm_automate+7
0x02D0	0x3432 ;?ICS?lstr3_Gsm_automate+8
0x02D1	0x342C ;?ICS?lstr3_Gsm_automate+9
0x02D2	0x3432 ;?ICS?lstr3_Gsm_automate+10
0x02D3	0x342C ;?ICS?lstr3_Gsm_automate+11
0x02D4	0x3430 ;?ICS?lstr3_Gsm_automate+12
0x02D5	0x342C ;?ICS?lstr3_Gsm_automate+13
0x02D6	0x3430 ;?ICS?lstr3_Gsm_automate+14
0x02D7	0x342C ;?ICS?lstr3_Gsm_automate+15
0x02D8	0x3430 ;?ICS?lstr3_Gsm_automate+16
0x02D9	0x340D ;?ICS?lstr3_Gsm_automate+17
0x02DA	0x340A ;?ICS?lstr3_Gsm_automate+18
0x02DB	0x3400 ;?ICS?lstr3_Gsm_automate+19
; end of ?ICS?lstr3_Gsm_automate
;Gsm_automate.c,0 :: ?ICS?lstr5_Gsm_automate
0x02DC	0x3450 ;?ICS?lstr5_Gsm_automate+0
0x02DD	0x3465 ;?ICS?lstr5_Gsm_automate+1
0x02DE	0x3472 ;?ICS?lstr5_Gsm_automate+2
0x02DF	0x3473 ;?ICS?lstr5_Gsm_automate+3
0x02E0	0x346F ;?ICS?lstr5_Gsm_automate+4
0x02E1	0x346E ;?ICS?lstr5_Gsm_automate+5
0x02E2	0x3473 ;?ICS?lstr5_Gsm_automate+6
0x02E3	0x3420 ;?ICS?lstr5_Gsm_automate+7
0x02E4	0x3469 ;?ICS?lstr5_Gsm_automate+8
0x02E5	0x346E ;?ICS?lstr5_Gsm_automate+9
0x02E6	0x3473 ;?ICS?lstr5_Gsm_automate+10
0x02E7	0x3469 ;?ICS?lstr5_Gsm_automate+11
0x02E8	0x3464 ;?ICS?lstr5_Gsm_automate+12
0x02E9	0x3465 ;?ICS?lstr5_Gsm_automate+13
0x02EA	0x3400 ;?ICS?lstr5_Gsm_automate+14
; end of ?ICS?lstr5_Gsm_automate
;Gsm_automate.c,0 :: ?ICS_success
0x02EB	0x3400 ;?ICS_success+0
; end of ?ICS_success
;Gsm_automate.c,0 :: ?ICS_senseDigital
0x02EC	0x3400 ;?ICS_senseDigital+0
0x02ED	0x3400 ;?ICS_senseDigital+1
; end of ?ICS_senseDigital
;Gsm_automate.c,0 :: ?ICS_j
0x02EE	0x3400 ;?ICS_j+0
; end of ?ICS_j
;Gsm_automate.c,0 :: ?ICS_hun
0x02EF	0x3402 ;?ICS_hun+0
; end of ?ICS_hun
Symbol List:
//** Routines locations **
//ADDRESS    SIZE    PROCEDURE
//----------------------------------------------
0x0003      [10]    _UART1_Write
0x000D       [7]    _____DoICP
0x0014       [9]    _Delay_22us
0x001D      [23]    _UART1_Write_Text
0x0034      [48]    _SendSms
0x0064       [7]    _UART1_Data_Ready
0x006B      [16]    _UART1_Init
0x007B      [17]    _SenseMotion
0x008C      [11]    _UART1_Read
0x0097      [36]    _ADC_Read
0x00BB      [81]    _Calculate_number
0x010C      [41]    _senseGas
0x0135      [83]    _getAction
0x0188      [12]    ___CC2DW
0x0194      [73]    _Initialization
0x01DD      [59]    _numberOfPeople
0x0218      [60]    _main
//** Variables locations ** 
//ADDRESS    SIZE    VARIABLE
//----------------------------------------------
0x0000       [1]    INDF
0x0002       [1]    PCL
0x0003       [1]    STATUS
0x0004       [1]    FSR
0x0006       [1]    PORTB
0x0007       [0]    RC4_bit
0x0007       [0]    RC3_bit
0x0008       [1]    PORTD
0x000A       [1]    PCLATH
0x000C       [1]    PIR1
0x0018       [1]    RCSTA
0x0019       [1]    TXREG
0x001A       [1]    RCREG
0x001E       [1]    ADRESH
0x001F       [1]    ADCON0
0x0020       [1]    _in_success
0x0021       [1]    _out_success
0x0022       [1]    _counter
0x0023       [1]    _getNum
0x0024       [1]    _extractMsg
0x0025      [27]    ?lstr4_Gsm_automate
0x0040       [1]    _unit
0x0041       [1]    _tens
0x0042      [18]    _people
0x0054       [1]    _i
0x0055      [10]    _seven_seg
0x005F      [12]    ?lstr2_Gsm_automate
0x006B       [1]    _hun
0x006C       [1]    _success
0x006D       [2]    _senseDigital
0x006F       [1]    _j
0x0070       [1]    R0
0x0071       [1]    R1
0x0072       [1]    R2
0x0073       [1]    R3
0x0074       [1]    R4
0x0075       [1]    R5
0x0076       [1]    R6
0x0077       [1]    R7
0x0078       [1]    R8
0x0079       [1]    R9
0x007A       [1]    R10
0x007B       [1]    R11
0x007C       [1]    R12
0x007D       [1]    R13
0x007E       [1]    R14
0x007F       [1]    R15
0x0086       [1]    TRISB
0x0087       [0]    TRISC3_bit
0x0087       [0]    TRISC6_bit
0x0087       [0]    TRISC7_bit
0x0087       [0]    TRISC4_bit
0x0088       [1]    TRISD
0x0098       [1]    TXSTA
0x0099       [1]    SPBRG
0x009E       [1]    ADRESL
0x009F       [1]    ADCON1
0x00A0       [7]    ?lstr1_Gsm_automate
0x00A7      [20]    ?lstr3_Gsm_automate
0x00BB      [15]    ?lstr5_Gsm_automate
0x00CA       [2]    _x
0x00CC       [2]    ___DoICPAddr
0x00CE       [1]    FARG_getAction_people
0x00CE       [1]    FARG_numberOfPeople_pop
0x00CF       [1]    FARG_numberOfPeople_dig3
0x00D0       [1]    FARG_numberOfPeople_dig2
0x00D1       [1]    FARG_numberOfPeople_dig1
0x00D2       [2]    FARG_SendSms_sms
0x00D2       [1]    FARG_ADC_Read_channel
0x00D4       [1]    FARG_UART1_Write_Text_uart_text
0x00D5       [1]    UART1_Write_Text_data__L0
0x00D6       [1]    UART1_Write_Text_counter_L0
0x00D7       [1]    FARG_UART1_Write_data_
//** Constants locations ** 
//ADDRESS    SIZE    CONSTANT
//----------------------------------------------
0x025A       [1]    ?ICS_in_success
0x025B       [1]    ?ICS_out_success
0x025C       [1]    ?ICS_counter
0x025D       [1]    ?ICS_getNum
0x025E       [1]    ?ICS_extractMsg
0x025F      [27]    ?ICS?lstr4_Gsm_automate
0x027A       [1]    ?ICS_unit
0x027B       [1]    ?ICS_tens
0x027C      [18]    ?ICS_people
0x028E       [1]    ?ICS_i
0x028F      [10]    ?ICS_seven_seg
0x0299      [12]    ?ICS?lstr2_Gsm_automate
0x02A5      [28]    _gasMsg
0x02C1       [7]    ?ICS?lstr1_Gsm_automate
0x02C8      [20]    ?ICS?lstr3_Gsm_automate
0x02DC      [15]    ?ICS?lstr5_Gsm_automate
0x02EB       [1]    ?ICS_success
0x02EC       [2]    ?ICS_senseDigital
0x02EE       [1]    ?ICS_j
0x02EF       [1]    ?ICS_hun
//** Label List: ** 
//----------------------------------------------
  L_Initialization0
  L_Initialization1
  L_Initialization2
  L_Initialization3
  L_SendSms4
  L_SendSms5
  L_SendSms6
  L_getAction7
  L_getAction8
  L_getAction9
  L_getAction10
  L_getAction11
  L_getAction12
  L_getAction13
  L_getAction14
  L_getAction15
  L_getAction16
  L_getAction17
  L_getAction18
  L_getAction19
  L_getAction20
  L_getAction21
  L_getAction22
  L_numberOfPeople23
  L_numberOfPeople24
  L_senseGas25
  L_senseGas26
  L_senseGas27
  L_SenseMotion28
  L_SenseMotion29
  L_SenseMotion30
  L_SenseMotion31
  L_SenseMotion32
  L_SenseMotion33
  L_Calculate_number34
  L_Calculate_number35
  L_Calculate_number36
  L_Calculate_number37
  L_Calculate_number38
  L_Calculate_number39
  L_Calculate_number40
  L_Calculate_number41
  L_Calculate_number42
  L_Calculate_number43
  L_Calculate_number44
  L_Calculate_number45
  L_Calculate_number46
  L_Calculate_number47
  L_Calculate_number48
  L_main49
  L_main50
  L_main51
  L_main52
  L__Calculate_number53
  L__Calculate_number54
  L_end_Initialization
  _Initialization
  L_end_SendSms
  _SendSms
  L_end_getAction
  _getAction
  L_end_numberOfPeople
  _numberOfPeople
  L_end_senseGas
  _senseGas
  L__senseGas60
  L__senseGas61
  L_end_SenseMotion
  _SenseMotion
  L_end_Calculate_number
  _Calculate_number
  L__Calculate_number64
  L__Calculate_number65
  L_end_main
  _main
  L_ADC_Get_Sample0
  L_ADC_Get_Sample1
  L_ADC_Read2
  L_ADC_Read3
  L_end_ADC_Init
  _ADC_Init
  L_end_ADC_Get_Sample
  _ADC_Get_Sample
  L_end_ADC_Read
  _ADC_Read
  L_Delay_10us0
  L_Delay_22us1
  L_Delay_50us2
  L_Delay_80us3
  L_Delay_500us4
  L_Delay_5500us5
  L_Delay_1ms6
  L_Delay_5ms7
  L_Delay_8ms8
  L_Delay_10ms9
  L_Delay_100ms10
  L_Delay_1sec11
  L_boot16_Delay_5ms12
  L_Delay_Cyc13
  L_Delay_Cyc14
  L_VDelay_ms15
  L_VDelay_ms16
  L_VDelay_ms17
  L_VDelay_Advanced_ms18
  L_VDelay_Advanced_ms19
  L_VDelay_Advanced_ms20
  L_end_Get_Fosc_kHz
  _Get_Fosc_kHz
  L_end_Delay_1us
  _Delay_1us
  L_end_Delay_10us
  _Delay_10us
  L_end_Delay_22us
  _Delay_22us
  L_end_Delay_50us
  _Delay_50us
  L_end_Delay_80us
  _Delay_80us
  L_end_Delay_500us
  _Delay_500us
  L_end_Delay_5500us
  _Delay_5500us
  L_end_Delay_1ms
  _Delay_1ms
  L_end_Delay_5ms
  _Delay_5ms
  L_end_Delay_8ms
  _Delay_8ms
  L_end_Delay_10ms
  _Delay_10ms
  L_end_Delay_100ms
  _Delay_100ms
  L_end_Delay_1sec
  _Delay_1sec
  L_end_boot16_Delay_5ms
  _boot16_Delay_5ms
  L_end_Delay_Cyc
  _Delay_Cyc
  L_end_VDelay_ms
  _VDelay_ms
  L__VDelay_ms38
  L__VDelay_ms39
  L__VDelay_ms40
  L_end_VDelay_Advanced_ms
  _VDelay_Advanced_ms
  L__VDelay_Advanced_ms42
  L__VDelay_Advanced_ms43
  L__VDelay_Advanced_ms44
  L_loopCA2AWs
  L_CA2AWend
  _CCA2AW_Loop1
  L_loopCS2Ss
  L_CS2Send
  _CCS2S_Loop1
  L_CCS2Send
  L_loopFZinSWs
  L_FZinSend
  _CC2D_Loop1
  L_end_____DoICP
  _____DoICP
  L_end_____DoIFC
  _____DoIFC
  L_end___CA2AW
  ___CA2AW
  L_end___CCA2AW
  ___CCA2AW
  L_end___CS2S
  ___CS2S
  L_end___CCS2S
  ___CCS2S
  L_end___FZinS
  ___FZinS
  L_end___CC2DW
  ___CC2DW
  L_end_Swap
  _Swap
  L_UART1_Init0
  L_UART1_Init1
  L_UART1_Read2
  L_UART1_Write3
  L_UART1_Write4
  L_UART1_Write_Text5
  L_UART1_Write_Text6
  L_UART1_Read_Text7
  L_UART1_Read_Text8
  L_UART1_Read_Text9
  L_UART1_Read_Text10
  L_UART1_Read_Text11
  L_UART1_Read_Text12
  L_UART1_Read_Text13
  L_UART1_Read_Text14
  L_UART1_Read_Text15
  L_end_UART1_Init
  _UART1_Init
  L_end_UART1_Data_Ready
  _UART1_Data_Ready
  L_end_UART1_Read
  _UART1_Read
  L_end_UART1_Tx_Idle
  _UART1_Tx_Idle
  L_end_UART1_Write
  _UART1_Write
  L_end_UART1_Write_Text
  _UART1_Write_Text
  L_end_UART1_Read_Text
  _UART1_Read_Text
