;  LST file generated by mikroListExporter - v.2.0 
; Date/Time: 6/26/2017 04:46:26 PM
;----------------------------------------------

;Address Opcode 	ASM
0x0000	0x2871      	GOTO       113
_SenseMotion:
;Motion_sensor.c,16 :: 		void SenseMotion(){
;Motion_sensor.c,18 :: 		if(button_plus==1){
0x0003	0x1283      	BCF        STATUS, 5
0x0004	0x1303      	BCF        STATUS, 6
0x0005	0x1E07      	BTFSS      RC4_bit, 4
0x0006	0x2809      	GOTO       L_SenseMotion0
;Motion_sensor.c,19 :: 		in_success=1;
0x0007	0x3001      	MOVLW      1
0x0008	0x00A0      	MOVWF      _in_success
;Motion_sensor.c,20 :: 		}while(button_plus==1);
L_SenseMotion0:
L_SenseMotion1:
0x0009	0x1E07      	BTFSS      RC4_bit, 4
0x000A	0x280C      	GOTO       L_SenseMotion2
0x000B	0x2809      	GOTO       L_SenseMotion1
L_SenseMotion2:
;Motion_sensor.c,22 :: 		if(button_minus==1){
0x000C	0x1D87      	BTFSS      RC3_bit, 3
0x000D	0x2810      	GOTO       L_SenseMotion3
;Motion_sensor.c,23 :: 		out_success=1;
0x000E	0x3001      	MOVLW      1
0x000F	0x00A1      	MOVWF      _out_success
;Motion_sensor.c,24 :: 		}while(button_minus==1);
L_SenseMotion3:
L_SenseMotion4:
0x0010	0x1D87      	BTFSS      RC3_bit, 3
0x0011	0x2813      	GOTO       L_SenseMotion5
0x0012	0x2810      	GOTO       L_SenseMotion4
L_SenseMotion5:
;Motion_sensor.c,29 :: 		}
L_end_SenseMotion:
0x0013	0x0008      	RETURN
; end of _SenseMotion
_____DoICP:
;__Lib_System.c,6 :: 		
;__Lib_System.c,9 :: 		
0x0014	0x1283      	BCF        STATUS, 5
0x0015	0x1303      	BCF        STATUS, 6
0x0016	0x0824      	MOVF       ___DoICPAddr+1, 0
0x0017	0x008A      	MOVWF      PCLATH
;__Lib_System.c,10 :: 		
0x0018	0x0823      	MOVF       ___DoICPAddr, 0
0x0019	0x0082      	MOVWF      PCL
;__Lib_System.c,12 :: 		
L_end_____DoICP:
0x001A	0x0008      	RETURN
; end of _____DoICP
___CC2DW:
;__Lib_System.c,134 :: 		
;__Lib_System.c,137 :: 		
_CC2D_Loop1:
;__Lib_System.c,139 :: 		
0x001B	0x2014      	CALL       _____DoICP
0x001C	0x118A      	BCF        PCLATH, 3
0x001D	0x120A      	BCF        PCLATH, 4
;__Lib_System.c,141 :: 		
0x001E	0x0080      	MOVWF      INDF
;__Lib_System.c,142 :: 		
0x001F	0x0A84      	INCF       FSR, 1
;__Lib_System.c,143 :: 		
0x0020	0x0AA3      	INCF       ___DoICPAddr, 1
;__Lib_System.c,145 :: 		
0x0021	0x1903      	BTFSC      STATUS, 2
;__Lib_System.c,146 :: 		
0x0022	0x0AA4      	INCF       ___DoICPAddr+1, 1
;__Lib_System.c,147 :: 		
0x0023	0x03F0      	DECF       R0, 1
;__Lib_System.c,149 :: 		
0x0024	0x1D03      	BTFSS      STATUS, 2
;__Lib_System.c,150 :: 		
0x0025	0x281B      	GOTO       _CC2D_Loop1
;__Lib_System.c,152 :: 		
L_end___CC2DW:
0x0026	0x0008      	RETURN
; end of ___CC2DW
_Calculate_number:
;Motion_sensor.c,31 :: 		void Calculate_number(){
;Motion_sensor.c,32 :: 		SenseMotion();
0x0027	0x2003      	CALL       _SenseMotion
;Motion_sensor.c,33 :: 		if((in_success==1) &&out_success==0 ){
0x0028	0x0820      	MOVF       _in_success, 0
0x0029	0x3A01      	XORLW      1
0x002A	0x1D03      	BTFSS      STATUS, 2
0x002B	0x284B      	GOTO       L_Calculate_number8
0x002C	0x0821      	MOVF       _out_success, 0
0x002D	0x3A00      	XORLW      0
0x002E	0x1D03      	BTFSS      STATUS, 2
0x002F	0x284B      	GOTO       L_Calculate_number8
L__Calculate_number25:
;Motion_sensor.c,34 :: 		for(x=0;x<1000;x++){
0x0030	0x01A5      	CLRF       _x
0x0031	0x01A6      	CLRF       _x+1
L_Calculate_number9:
0x0032	0x3080      	MOVLW      128
0x0033	0x0626      	XORWF      _x+1, 0
0x0034	0x00F0      	MOVWF      R0
0x0035	0x3080      	MOVLW      128
0x0036	0x3A03      	XORLW      3
0x0037	0x0270      	SUBWF      R0, 0
0x0038	0x1D03      	BTFSS      STATUS, 2
0x0039	0x283C      	GOTO       L__Calculate_number28
0x003A	0x30E8      	MOVLW      232
0x003B	0x0225      	SUBWF      _x, 0
L__Calculate_number28:
0x003C	0x1803      	BTFSC      STATUS, 0
0x003D	0x284B      	GOTO       L_Calculate_number10
;Motion_sensor.c,35 :: 		SenseMotion();
0x003E	0x2003      	CALL       _SenseMotion
;Motion_sensor.c,36 :: 		if(out_success==1){
0x003F	0x0821      	MOVF       _out_success, 0
0x0040	0x3A01      	XORLW      1
0x0041	0x1D03      	BTFSS      STATUS, 2
0x0042	0x2847      	GOTO       L_Calculate_number12
;Motion_sensor.c,37 :: 		counter++;
0x0043	0x0AA2      	INCF       _counter, 1
;Motion_sensor.c,38 :: 		out_success=0;
0x0044	0x01A1      	CLRF       _out_success
;Motion_sensor.c,39 :: 		in_success=0;
0x0045	0x01A0      	CLRF       _in_success
;Motion_sensor.c,40 :: 		break;
0x0046	0x284B      	GOTO       L_Calculate_number10
;Motion_sensor.c,41 :: 		}
L_Calculate_number12:
;Motion_sensor.c,34 :: 		for(x=0;x<1000;x++){
0x0047	0x0AA5      	INCF       _x, 1
0x0048	0x1903      	BTFSC      STATUS, 2
0x0049	0x0AA6      	INCF       _x+1, 1
;Motion_sensor.c,42 :: 		}
0x004A	0x2832      	GOTO       L_Calculate_number9
L_Calculate_number10:
;Motion_sensor.c,43 :: 		}
L_Calculate_number8:
;Motion_sensor.c,45 :: 		if((out_success==1)){
0x004B	0x0821      	MOVF       _out_success, 0
0x004C	0x3A01      	XORLW      1
0x004D	0x1D03      	BTFSS      STATUS, 2
0x004E	0x2870      	GOTO       L_Calculate_number13
;Motion_sensor.c,47 :: 		out_success=0;
0x004F	0x01A1      	CLRF       _out_success
;Motion_sensor.c,48 :: 		in_success=0;
0x0050	0x01A0      	CLRF       _in_success
;Motion_sensor.c,49 :: 		for(x=0;x<1000;x++){
0x0051	0x01A5      	CLRF       _x
0x0052	0x01A6      	CLRF       _x+1
L_Calculate_number14:
0x0053	0x3080      	MOVLW      128
0x0054	0x0626      	XORWF      _x+1, 0
0x0055	0x00F0      	MOVWF      R0
0x0056	0x3080      	MOVLW      128
0x0057	0x3A03      	XORLW      3
0x0058	0x0270      	SUBWF      R0, 0
0x0059	0x1D03      	BTFSS      STATUS, 2
0x005A	0x285D      	GOTO       L__Calculate_number29
0x005B	0x30E8      	MOVLW      232
0x005C	0x0225      	SUBWF      _x, 0
L__Calculate_number29:
0x005D	0x1803      	BTFSC      STATUS, 0
0x005E	0x2870      	GOTO       L_Calculate_number15
;Motion_sensor.c,50 :: 		SenseMotion();
0x005F	0x2003      	CALL       _SenseMotion
;Motion_sensor.c,51 :: 		if(in_success==1){
0x0060	0x0820      	MOVF       _in_success, 0
0x0061	0x3A01      	XORLW      1
0x0062	0x1D03      	BTFSS      STATUS, 2
0x0063	0x286C      	GOTO       L_Calculate_number17
;Motion_sensor.c,52 :: 		if(counter>0)counter--;
0x0064	0x0822      	MOVF       _counter, 0
0x0065	0x3C00      	SUBLW      0
0x0066	0x1803      	BTFSC      STATUS, 0
0x0067	0x2869      	GOTO       L_Calculate_number18
0x0068	0x03A2      	DECF       _counter, 1
L_Calculate_number18:
;Motion_sensor.c,53 :: 		out_success=0;
0x0069	0x01A1      	CLRF       _out_success
;Motion_sensor.c,54 :: 		in_success=0;
0x006A	0x01A0      	CLRF       _in_success
;Motion_sensor.c,55 :: 		break;
0x006B	0x2870      	GOTO       L_Calculate_number15
;Motion_sensor.c,56 :: 		}
L_Calculate_number17:
;Motion_sensor.c,49 :: 		for(x=0;x<1000;x++){
0x006C	0x0AA5      	INCF       _x, 1
0x006D	0x1903      	BTFSC      STATUS, 2
0x006E	0x0AA6      	INCF       _x+1, 1
;Motion_sensor.c,57 :: 		}
0x006F	0x2853      	GOTO       L_Calculate_number14
L_Calculate_number15:
;Motion_sensor.c,58 :: 		}
L_Calculate_number13:
;Motion_sensor.c,60 :: 		}
L_end_Calculate_number:
0x0070	0x0008      	RETURN
; end of _Calculate_number
_main:
0x0071	0x1283      	BCF        STATUS, 5
0x0072	0x1303      	BCF        STATUS, 6
0x0073	0x01A0      	CLRF       _in_success
0x0074	0x01A1      	CLRF       _out_success
0x0075	0x01A2      	CLRF       _counter
;Motion_sensor.c,63 :: 		void main() {
;Motion_sensor.c,64 :: 		portb=0;
0x0076	0x0186      	CLRF       PORTB
;Motion_sensor.c,65 :: 		portd=0;
0x0077	0x0188      	CLRF       PORTD
;Motion_sensor.c,66 :: 		trisb=0x00;
0x0078	0x1683      	BSF        STATUS, 5
0x0079	0x0186      	CLRF       TRISB
;Motion_sensor.c,67 :: 		portb=0;
0x007A	0x1283      	BCF        STATUS, 5
0x007B	0x0186      	CLRF       PORTB
;Motion_sensor.c,68 :: 		trisc=0xff;
0x007C	0x30FF      	MOVLW      255
0x007D	0x1683      	BSF        STATUS, 5
0x007E	0x0087      	MOVWF      TRISC
;Motion_sensor.c,69 :: 		trisd=0;
0x007F	0x0188      	CLRF       TRISD
;Motion_sensor.c,72 :: 		while(1){
L_main19:
;Motion_sensor.c,73 :: 		SenseMotion();
0x0080	0x2003      	CALL       _SenseMotion
;Motion_sensor.c,74 :: 		Calculate_number();
0x0081	0x2027      	CALL       _Calculate_number
;Motion_sensor.c,76 :: 		portb=counter;
0x0082	0x0822      	MOVF       _counter, 0
0x0083	0x0086      	MOVWF      PORTB
;Motion_sensor.c,81 :: 		}
0x0084	0x2880      	GOTO       L_main19
;Motion_sensor.c,84 :: 		}
L_end_main:
0x0085	0x2885      	GOTO       $+0
; end of _main
Symbol List:
//** Routines locations **
//ADDRESS    SIZE    PROCEDURE
//----------------------------------------------
0x0003      [17]    _SenseMotion
0x0014       [7]    _____DoICP
0x001B      [12]    ___CC2DW
0x0027      [74]    _Calculate_number
0x0071      [21]    _main
//** Variables locations ** 
//ADDRESS    SIZE    VARIABLE
//----------------------------------------------
0x0000       [1]    INDF
0x0002       [1]    PCL
0x0003       [1]    STATUS
0x0004       [1]    FSR
0x0006       [1]    PORTB
0x0007       [0]    RC4_bit
0x0007       [0]    RC3_bit
0x0008       [1]    PORTD
0x000A       [1]    PCLATH
0x0020       [1]    _in_success
0x0021       [1]    _out_success
0x0022       [1]    _counter
0x0023       [2]    ___DoICPAddr
0x0025       [2]    _x
0x0070       [1]    R0
0x0071       [1]    R1
0x0072       [1]    R2
0x0073       [1]    R3
0x0074       [1]    R4
0x0075       [1]    R5
0x0076       [1]    R6
0x0077       [1]    R7
0x0078       [1]    R8
0x0079       [1]    R9
0x007A       [1]    R10
0x007B       [1]    R11
0x007C       [1]    R12
0x007D       [1]    R13
0x007E       [1]    R14
0x007F       [1]    R15
0x0086       [1]    TRISB
0x0087       [1]    TRISC
0x0088       [1]    TRISD
//** Label List: ** 
//----------------------------------------------
  L_SenseMotion0
  L_SenseMotion1
  L_SenseMotion2
  L_SenseMotion3
  L_SenseMotion4
  L_SenseMotion5
  L_Calculate_number6
  L_Calculate_number7
  L_Calculate_number8
  L_Calculate_number9
  L_Calculate_number10
  L_Calculate_number11
  L_Calculate_number12
  L_Calculate_number13
  L_Calculate_number14
  L_Calculate_number15
  L_Calculate_number16
  L_Calculate_number17
  L_Calculate_number18
  L_main19
  L_main20
  L_display21
  L_display22
  L_display23
  L_display24
  L__Calculate_number25
  L_end_SenseMotion
  _SenseMotion
  L_end_Calculate_number
  _Calculate_number
  L__Calculate_number28
  L__Calculate_number29
  L_end_main
  _main
  L_end_display
  _display
  L_loopCA2AWs
  L_CA2AWend
  _CCA2AW_Loop1
  L_loopCS2Ss
  L_CS2Send
  _CCS2S_Loop1
  L_CCS2Send
  L_loopFZinSWs
  L_FZinSend
  _CC2D_Loop1
  L_end_____DoICP
  _____DoICP
  L_end_____DoIFC
  _____DoIFC
  L_end___CA2AW
  ___CA2AW
  L_end___CCA2AW
  ___CCA2AW
  L_end___CS2S
  ___CS2S
  L_end___CCS2S
  ___CCS2S
  L_end___FZinS
  ___FZinS
  L_end___CC2DW
  ___CC2DW
  L_end_Swap
  _Swap
